<?xml version="1.0" encoding="UTF-8"?>
<!-- Generated by org.testng.reporters.JUnitXMLReporter -->
<testsuite ignored="0" hostname="Gayatri-LP" failures="1" tests="3" name="Test" time="63.385" errors="0" timestamp="2023-02-22T10:41:00 PST">
  <testcase classname="io.cucumber.testng.AbstractTestNGCucumberTests" name="runScenario" time="14.595"/>
  <testcase classname="io.cucumber.testng.AbstractTestNGCucumberTests" name="runScenario" time="20.688">
    <failure type="java.lang.AssertionError" message="expected [true] but found [false]">
      <![CDATA[java.lang.AssertionError: expected [true] but found [false]
at pageObjects.SearchResultsPage.validateFlightOriginCity(SearchResultsPage.java:83)
at stepDefinitions.SearchFlightPageSteps.validate_origin_airport_is_same_as_the_one_entered_in_the_main_screen(SearchFlightPageSteps.java:117)
at âœ½.Validate Origin airport is  same as the one entered in the main screen(file:///D:/eclipse_workspaces/AutomationWorkspace/KayakAutomationUsingBDD/Features/SearchFlight.feature:13)
... Removed 4 stack frames]]>
    </failure>
  </testcase> <!-- runScenario -->
  <testcase classname="io.cucumber.testng.AbstractTestNGCucumberTests" name="runScenario" time="25.253"/>
</testsuite> <!-- Test -->
